<?xml version="1.0" encoding="UTF-8"?>
<testsuite name="unit.controller.TestChatRoomController" tests="4" skipped="0" failures="0" errors="0" timestamp="2020-04-01T06:55:27" hostname="choi" time="0.117">
  <properties/>
  <testcase name="testInvoke_whenHybridURLMethod" classname="unit.controller.TestChatRoomController" time="0.09"/>
  <testcase name="testInvoke_whenNoArgumentMethod" classname="unit.controller.TestChatRoomController" time="0.001"/>
  <testcase name="testInvoke_bracedUrlMethod" classname="unit.controller.TestChatRoomController" time="0.025"/>
  <testcase name="testInvoke_whenPlainURLMethod" classname="unit.controller.TestChatRoomController" time="0.001"/>
  <system-out><![CDATA[Request : Request{method=POST, url='/hello/2/cws', bodyOpt=Optional.empty}
id : 2
name : cws
]]></system-out>
  <system-err><![CDATA[]]></system-err>
</testsuite>
