<?xml version="1.0" encoding="UTF-8"?>
<testsuite name="integration.TestDeleteRoom" tests="1" skipped="0" failures="0" errors="0" timestamp="2020-04-07T04:38:46" hostname="choi" time="0.079">
  <properties/>
  <testcase name="testDeleteRoom_whenIdIsIncorrect" classname="integration.TestDeleteRoom" time="0.079"/>
  <system-out><![CDATA[13:38:46.099 [Test worker] INFO  manager.ServerDependencyManager - [setDependency] 의존성 컴포넌트 초기화 작업 시작.
13:38:46.106 [Test worker] INFO  manager.ServerDependencyManager - [setDependency] 서버 소켓 바인딩 완료 :: address = /127.0.0.1:54531
13:38:46.135 [Test worker] INFO  manager.ServerDependencyManager - [setDependency] 의존성 컴포넌트 초기화 작업 종료.
13:38:46.147 [Test worker] INFO  util.IntegrationTester - [startClientForTest] client open. address = /127.0.0.1:54531
13:38:46.164 [Thread-3] INFO  handler.RequestHandler - [deleteRoom] method = DELETE, url = /room/4
13:38:46.165 [Thread-3] INFO  handler.RequestHandler - [deleteRoom] deletion failed. no room correspond to id
13:38:46.172 [Test worker] INFO  util.IntegrationTester - [integrationTest] actual = 200 no room correspond to id, expected =  200 no room correspond to id
13:38:46.172 [Thread-3] INFO  server.ChatRoomServer - [run] 응답 보내고 채널 닫음.
]]></system-out>
  <system-err><![CDATA[]]></system-err>
</testsuite>
